{
  "0 debug pnpm:scope": {
    "selected": 1,
    "total": 3
  },
  "1 info pnpm": {
    "err": {
      "name": "Error",
      "message": "@dev-register/web@0.1.0 start: `react-scripts start`\nExit status 1",
      "code": "ELIFECYCLE",
      "stack": "Error: @dev-register/web@0.1.0 start: `react-scripts start`\nExit status 1\n    at EventEmitter.<anonymous> (C:\\Users\\leossd\\AppData\\Roaming\\npm\\node_modules\\pnpm\\dist\\pnpm.cjs:104564:20)\n    at EventEmitter.emit (events.js:376:20)\n    at ChildProcess.<anonymous> (C:\\Users\\leossd\\AppData\\Roaming\\npm\\node_modules\\pnpm\\dist\\pnpm.cjs:92553:18)\n    at ChildProcess.emit (events.js:376:20)\n    at maybeClose (internal/child_process.js:1055:16)\n    at Process.ChildProcess._handle.onexit (internal/child_process.js:288:5)"
    }
  },
  "2 error pnpm": {
    "errno": 1,
    "code": "ERR_PNPM_RECURSIVE_RUN_FIRST_FAIL",
    "pkgid": "@dev-register/web@0.1.0",
    "stage": "start",
    "script": "react-scripts start",
    "pkgname": "@dev-register/web",
    "prefix": "D:\\Documents\\cursos-gamaacademy\\project-final-gama-monorepo\\packages\\web",
    "err": {
      "name": "Error",
      "message": "@dev-register/web@0.1.0 start: `react-scripts start`\nExit status 1",
      "code": "ERR_PNPM_RECURSIVE_RUN_FIRST_FAIL",
      "stack": "Error: @dev-register/web@0.1.0 start: `react-scripts start`\nExit status 1\n    at EventEmitter.<anonymous> (C:\\Users\\leossd\\AppData\\Roaming\\npm\\node_modules\\pnpm\\dist\\pnpm.cjs:104564:20)\n    at EventEmitter.emit (events.js:376:20)\n    at ChildProcess.<anonymous> (C:\\Users\\leossd\\AppData\\Roaming\\npm\\node_modules\\pnpm\\dist\\pnpm.cjs:92553:18)\n    at ChildProcess.emit (events.js:376:20)\n    at maybeClose (internal/child_process.js:1055:16)\n    at Process.ChildProcess._handle.onexit (internal/child_process.js:288:5)"
    }
  }
}